<?xml version="1.0" encoding="UTF-8"?>
<!-- Generated by org.testng.reporters.JUnitReportReporter -->
<testsuite skipped="0" hostname="DESKTOP-D1P74TD" name="com.training.sanity.tests.Testcase3_SP10ELTC_028" tests="1" failures="0" timestamp="2019-09-09T15:29:29 IST" time="59.743" errors="0">
  <testcase name="ChangePasswordTest" time="59.743" classname="com.training.sanity.tests.Testcase3_SP10ELTC_028"/>
</testsuite> <!-- com.training.sanity.tests.Testcase3_SP10ELTC_028 -->
