<?xml version="1.0" encoding="UTF-8"?>
<!-- Generated by org.testng.reporters.JUnitReportReporter -->
<testsuite skipped="0" hostname="DESKTOP-D1P74TD" name="com.training.sanity.tests.ELTC_045" tests="1" failures="0" timestamp="2019-09-17T14:04:26 IST" time="31.423" errors="0">
  <testcase name="ELTC_045" time="31.423" classname="com.training.sanity.tests.ELTC_045"/>
</testsuite> <!-- com.training.sanity.tests.ELTC_045 -->
