<?xml version="1.0" encoding="UTF-8"?>
<!-- Generated by org.testng.reporters.JUnitReportReporter -->
<testsuite skipped="0" hostname="DESKTOP-D1P74TD" name="com.training.sanity.tests.ELTC_041" tests="1" failures="0" timestamp="2019-09-17T12:54:54 IST" time="27.198" errors="0">
  <testcase name="ELTC_041" time="27.198" classname="com.training.sanity.tests.ELTC_041"/>
</testsuite> <!-- com.training.sanity.tests.ELTC_041 -->
