<?xml version="1.0" encoding="UTF-8"?>
<!-- Generated by org.testng.reporters.JUnitReportReporter -->
<testsuite skipped="0" hostname="DESKTOP-D1P74TD" name="com.training.sanity.tests.ELTC_044" tests="1" failures="0" timestamp="2019-09-17T14:03:40 IST" time="45.259" errors="0">
  <testcase name="ELTC_044" time="45.259" classname="com.training.sanity.tests.ELTC_044"/>
</testsuite> <!-- com.training.sanity.tests.ELTC_044 -->
