<?xml version="1.0" encoding="UTF-8"?>
<!-- Generated by org.testng.reporters.JUnitReportReporter -->
<testsuite skipped="0" hostname="DESKTOP-D1P74TD" name="com.training.sanity.tests.Testcase2_SP10ELTC_027" tests="1" failures="0" timestamp="2019-09-09T15:26:16 IST" time="55.992" errors="0">
  <testcase name="ChangePasswordTest" time="55.992" classname="com.training.sanity.tests.Testcase2_SP10ELTC_027"/>
</testsuite> <!-- com.training.sanity.tests.Testcase2_SP10ELTC_027 -->
