<?xml version="1.0" encoding="UTF-8"?>
<!-- Generated by org.testng.reporters.JUnitReportReporter -->
<testsuite skipped="0" hostname="DESKTOP-D1P74TD" name="com.training.sanity.tests.LoginTests" tests="1" failures="0" timestamp="2019-09-13T17:52:12 IST" time="10.024" errors="0">
  <testcase name="validLoginTest" time="10.024" classname="com.training.sanity.tests.LoginTests"/>
</testsuite> <!-- com.training.sanity.tests.LoginTests -->
