<?xml version="1.0" encoding="UTF-8"?>
<!-- Generated by org.testng.reporters.JUnitReportReporter -->
<testsuite skipped="0" hostname="DESKTOP-D1P74TD" name="com.training.sanity.tests.ELTC_041" tests="1" failures="0" timestamp="2019-09-23T17:28:07 IST" time="95.613" errors="0">
  <testcase name="ELTC_041" time="95.613" classname="com.training.sanity.tests.ELTC_041"/>
</testsuite> <!-- com.training.sanity.tests.ELTC_041 -->
