<?xml version="1.0" encoding="UTF-8"?>
<!-- Generated by org.testng.reporters.JUnitReportReporter -->
<testsuite skipped="0" hostname="DESKTOP-D1P74TD" name="com.training.sanity.tests.Anonotations" tests="3" failures="0" timestamp="2019-09-19T11:30:55 IST" time="0.032" errors="0">
  <testcase name="f3" time="0.000" classname="com.training.sanity.tests.Anonotations"/>
  <testcase name="f2" time="0.016" classname="com.training.sanity.tests.Anonotations"/>
  <testcase name="f" time="0.016" classname="com.training.sanity.tests.Anonotations"/>
</testsuite> <!-- com.training.sanity.tests.Anonotations -->
