<?xml version="1.0" encoding="UTF-8"?>
<!-- Generated by org.testng.reporters.JUnitReportReporter -->
<testsuite skipped="0" hostname="DESKTOP-D1P74TD" name="com.training.sanity.tests.Testcase1_SP10ELTC_026" tests="1" failures="0" timestamp="2019-09-09T15:24:29 IST" time="21.959" errors="0">
  <testcase name="Addclass" time="21.959" classname="com.training.sanity.tests.Testcase1_SP10ELTC_026"/>
</testsuite> <!-- com.training.sanity.tests.Testcase1_SP10ELTC_026 -->
