<?xml version="1.0" encoding="UTF-8"?>
<!-- Generated by org.testng.reporters.JUnitReportReporter -->
<testsuite skipped="0" hostname="DESKTOP-D1P74TD" name="com.training.sanity.tests.Testcase1_SP10ELTC_027" tests="1" failures="0" timestamp="04 Sep 2019 08:39:51 GMT" time="13.064" errors="0">
  <testcase name="validLoginTest" time="13.064" classname="com.training.sanity.tests.Testcase1_SP10ELTC_027"/>
</testsuite> <!-- com.training.sanity.tests.Testcase1_SP10ELTC_027 -->
