<?xml version="1.0" encoding="UTF-8"?>
<!-- Generated by org.testng.reporters.JUnitReportReporter -->
<testsuite skipped="0" hostname="DESKTOP-D1P74TD" name="com.training.sanity.tests.ELTC_043" tests="1" failures="0" timestamp="2019-09-23T17:30:20 IST" time="38.863" errors="0">
  <testcase name="ELTC_043" time="38.863" classname="com.training.sanity.tests.ELTC_043"/>
</testsuite> <!-- com.training.sanity.tests.ELTC_043 -->
