<?xml version="1.0" encoding="UTF-8"?>
<!-- Generated by org.testng.reporters.JUnitReportReporter -->
<testsuite skipped="0" hostname="DESKTOP-D1P74TD" name="com.training.sanity.tests.ELTC_042" tests="1" failures="0" timestamp="2019-09-17T14:05:57 IST" time="24.605" errors="0">
  <testcase name="ELTC_042" time="24.605" classname="com.training.sanity.tests.ELTC_042"/>
</testsuite> <!-- com.training.sanity.tests.ELTC_042 -->
