<?xml version="1.0" encoding="UTF-8"?>
<!-- Generated by org.testng.reporters.JUnitReportReporter -->
<testsuite skipped="0" hostname="DESKTOP-D1P74TD" name="com.training.sanity.tests.ELTC_042" tests="1" failures="0" timestamp="2019-09-23T17:29:18 IST" time="41.058" errors="0">
  <testcase name="ELTC_042" time="41.058" classname="com.training.sanity.tests.ELTC_042"/>
</testsuite> <!-- com.training.sanity.tests.ELTC_042 -->
